<?xml version="1.0" encoding="UTF-8"?>
<!-- Generated by org.testng.reporters.JUnitReportReporter -->
<testsuite skipped="0" hostname="CHE2J10XS2" name="Testcases.VerifyHomePageTitle" tests="1" failures="0" timestamp="2023-01-24T11:51:31 IST" time="1.645" errors="0">
  <testcase name="homePageTitle" time="1.645" classname="Testcases.VerifyHomePageTitle"/>
  <system-out/>
</testsuite> <!-- Testcases.VerifyHomePageTitle -->
