<?xml version="1.0" encoding="UTF-8"?>
<!-- Generated by org.testng.reporters.JUnitReportReporter -->
<testsuite skipped="0" hostname="CHE2J10XS2" name="Testcases.HomePage" tests="1" failures="0" timestamp="07 Jan 2023 05:48:40 GMT" time="0.030" errors="0">
  <testcase name="homePageTitle" time="0.030" classname="Testcases.HomePage"/>
</testsuite> <!-- Testcases.HomePage -->
