<?xml version="1.0" encoding="UTF-8"?>
<!-- Generated by org.testng.reporters.JUnitReportReporter -->
<testsuite skipped="0" hostname="CHE2J10XS2" name="Testcases.VerifySelectPriceOptionTab" tests="1" failures="0" timestamp="2023-01-24T11:51:31 IST" time="1.034" errors="0">
  <testcase name="selectPriceOption" time="1.034" classname="Testcases.VerifySelectPriceOptionTab"/>
  <system-out/>
</testsuite> <!-- Testcases.VerifySelectPriceOptionTab -->
