<?xml version="1.0" encoding="UTF-8"?>
<!-- Generated by org.testng.reporters.JUnitReportReporter -->
<testsuite skipped="0" hostname="CHE2J10XS2" name="Testcases.TestCase3" tests="1" failures="0" timestamp="2023-01-12T12:42:20 IST" time="3.151" errors="0">
  <testcase name="enterInsurantData" time="3.151" classname="Testcases.TestCase3"/>
  <system-out/>
</testsuite> <!-- Testcases.TestCase3 -->
