<?xml version="1.0" encoding="UTF-8"?>
<!-- Generated by org.testng.reporters.JUnitReportReporter -->
<testsuite skipped="1" hostname="CHE2J10XS2" name="Testcases.VerifySendQuoteTab" tests="2" failures="0" timestamp="2023-01-24T11:51:31 IST" time="1.136" errors="0">
  <testcase name="sendQuote" time="1.089" classname="Testcases.VerifySendQuoteTab"/>
  <system-out/>
  <testcase name="sendQuote" time="0.047" classname="Testcases.VerifySendQuoteTab">
    <skipped/>
  </testcase> <!-- sendQuote -->
  <system-out/>
</testsuite> <!-- Testcases.VerifySendQuoteTab -->
