<?xml version="1.0" encoding="UTF-8"?>
<!-- Generated by org.testng.reporters.JUnitReportReporter -->
<testsuite skipped="0" hostname="CHE2J10XS2" name="Testcases.VerifyEnterInsurantDataTab" tests="1" failures="0" timestamp="2023-01-24T11:51:31 IST" time="2.857" errors="0">
  <testcase name="enterInsurantData" time="2.857" classname="Testcases.VerifyEnterInsurantDataTab"/>
  <system-out/>
</testsuite> <!-- Testcases.VerifyEnterInsurantDataTab -->
