<?xml version="1.0" encoding="UTF-8"?>
<!-- Generated by org.testng.reporters.JUnitReportReporter -->
<testsuite skipped="1" hostname="CHE2J10XS2" name="Testcases.TestCase2" tests="2" failures="0" timestamp="2023-01-12T12:42:20 IST" time="5.216" errors="0">
  <testcase name="enterVehicleData" time="0.136" classname="Testcases.TestCase2">
    <skipped/>
  </testcase> <!-- enterVehicleData -->
  <system-out/>
  <testcase name="enterVehicleData" time="5.080" classname="Testcases.TestCase2"/>
  <system-out/>
</testsuite> <!-- Testcases.TestCase2 -->
