<?xml version="1.0" encoding="UTF-8"?>
<!-- Generated by org.testng.reporters.JUnitReportReporter -->
<testsuite skipped="0" hostname="CHE2J10XS2" name="Testcases.TestCase5" tests="1" failures="0" timestamp="2023-01-12T12:42:20 IST" time="1.174" errors="0">
  <testcase name="selectPriceOption" time="1.174" classname="Testcases.TestCase5"/>
  <system-out/>
</testsuite> <!-- Testcases.TestCase5 -->
