<?xml version="1.0" encoding="UTF-8"?>
<!-- Generated by org.testng.reporters.JUnitReportReporter -->
<testsuite skipped="1" hostname="CHE2J10XS2" name="Testcases.VerifyEnterVehicleDataTab" tests="2" failures="0" timestamp="2023-01-24T11:51:31 IST" time="3.475" errors="0">
  <testcase name="enterVehicleData" time="3.346" classname="Testcases.VerifyEnterVehicleDataTab"/>
  <system-out/>
  <testcase name="enterVehicleData" time="0.129" classname="Testcases.VerifyEnterVehicleDataTab">
    <skipped/>
  </testcase> <!-- enterVehicleData -->
  <system-out/>
</testsuite> <!-- Testcases.VerifyEnterVehicleDataTab -->
