<?xml version="1.0" encoding="UTF-8"?>
<!-- Generated by org.testng.reporters.JUnitReportReporter -->
<testsuite skipped="1" hostname="CHE2J10XS2" name="Testcases.TestCase6" tests="2" failures="0" timestamp="2023-01-12T12:42:20 IST" time="3.211" errors="0">
  <testcase name="sendQuote" time="3.167" classname="Testcases.TestCase6"/>
  <system-out/>
  <testcase name="sendQuote" time="0.044" classname="Testcases.TestCase6">
    <skipped/>
  </testcase> <!-- sendQuote -->
  <system-out/>
</testsuite> <!-- Testcases.TestCase6 -->
